<?xml version="1.0" encoding="UTF-8"?>
<testng-results ignored="0" total="1" passed="1" failed="0" skipped="0">
  <reporter-output>
  </reporter-output>
  <suite started-at="2023-08-04T15:18:11 EDT" name="Default suite" finished-at="2023-08-04T15:18:24 EDT" duration-ms="12785">
    <groups>
    </groups>
    <test started-at="2023-08-04T15:18:11 EDT" name="Default test" finished-at="2023-08-04T15:18:24 EDT" duration-ms="12785">
      <class name="testlayer1.Complile2">
        <test-method signature="testing()[pri:0, instance:testlayer1.Complile2@6b81ce95]" started-at="2023-08-04T15:18:11 EDT" name="testing" finished-at="2023-08-04T15:18:24 EDT" duration-ms="12749" status="PASS">
          <reporter-output>
          </reporter-output>
        </test-method> <!-- testing -->
      </class> <!-- testlayer1.Complile2 -->
    </test> <!-- Default test -->
  </suite> <!-- Default suite -->
</testng-results>
